<?xml version="1.0" encoding="UTF-8"?>
<!-- Generated by org.testng.reporters.JUnitReportReporter -->
<testsuite hostname="DESKTOP-V1TVAK6" name="org.reg.FlipReg" tests="1" failures="0" timestamp="13 Sep 2023 16:52:38 GMT" time="7.729" errors="0">
  <testcase name="test1" time="7.729" classname="org.reg.FlipReg"/>
</testsuite> <!-- org.reg.FlipReg -->
